0 info it worked if it ends with ok
1 verbose cli [ '/usr/bin/node', '/usr/bin/npm', 'start' ]
2 info using npm@1.4.28
3 info using node@v0.10.33
4 verbose node symlink /usr/bin/node
5 verbose run-script [ 'prestart', 'start', 'poststart' ]
6 info prestart reciper@0.0.0
7 verbose unsafe-perm in lifecycle true
8 info reciper@0.0.0 Failed to exec prestart script
9 error reciper@0.0.0 prestart: `npm install`
9 error Exit status 3
10 error Failed at the reciper@0.0.0 prestart script.
10 error This is most likely a problem with the reciper package,
10 error not with npm itself.
10 error Tell the author that this fails on your system:
10 error     npm install
10 error You can get their info via:
10 error     npm owner ls reciper
10 error There is likely additional logging output above.
11 error System Linux 3.8.0-34-generic
12 error command "/usr/bin/node" "/usr/bin/npm" "start"
13 error cwd /var/www/html/reciper
14 error node -v v0.10.33
15 error npm -v 1.4.28
16 error code ELIFECYCLE
17 verbose exit [ 1, true ]
